<?xml version="1.0" encoding="UTF-8"?>
<testsuite xmlns:xsi="http://www.w3.org/2001/XMLSchema-instance" xsi:noNamespaceSchemaLocation="https://maven.apache.org/surefire/maven-surefire-plugin/xsd/surefire-test-report.xsd" name="cucumberOptions.TestRunner" time="3.844" tests="77" errors="0" skipped="0" failures="0">
  <properties>
[...]
</properties>
  <testcase name="User is on Netbanking landing page" classname="Home Page default Login" time="0.007"/>
  <testcase name="User login into application with &quot;john&quot; and password &quot;1234&quot;" classname="Home Page default Login" time="0.002"/>
  <testcase name="Home page is populated" classname="Home Page default Login" time="0.001"/>
  <testcase name="Cards displayed are &quot;true&quot;" classname="Home Page default Login" time="0.001"/>
  <testcase name="Home Page default Login" classname="Home Page default Login" time="0.015"/>
  <testcase name="The browser is installed" classname="Home Page default Login #1" time="0.001"/>
  <testcase name="The portal is triggered" classname="Home Page default Login #1" time="0.003"/>
  <testcase name="Portal shows" classname="Home Page default Login #1" time="0.002"/>
  <testcase name="User is on Netbanking landing page" classname="Home Page default Login #1" time="0.005"/>
  <testcase name="User login into application with &quot;john&quot; and password &quot;1234&quot;" classname="Home Page default Login #1" time="0.004"/>
  <testcase name="Home page is populated" classname="Home Page default Login #1" time="0.002"/>
  <testcase name="Cards displayed are &quot;true&quot;" classname="Home Page default Login #1" time="0.004"/>
  <testcase name="Home Page default Login #1" classname="Home Page default Login #1" time="0.005"/>
  <testcase name="The browser is installed" classname="Home Page default Login #2" time="0.003"/>
  <testcase name="The portal is triggered" classname="Home Page default Login #2" time="0.002"/>
  <testcase name="Portal shows" classname="Home Page default Login #2" time="0.004"/>
  <testcase name="User is on Netbanking landing page" classname="Home Page default Login #2" time="0.004"/>
  <testcase name="User login into application with &quot;jim&quot; and password &quot;12345&quot;" classname="Home Page default Login #2" time="0.003"/>
  <testcase name="Home page is populated" classname="Home Page default Login #2" time="0.001"/>
  <testcase name="Cards displayed are &quot;false&quot;" classname="Home Page default Login #2" time="0.003"/>
  <testcase name="Home Page default Login #2" classname="Home Page default Login #2" time="0.024"/>
  <testcase name="The browser is installed" classname="Home Page default Login #3" time="0.001"/>
  <testcase name="The portal is triggered" classname="Home Page default Login #3" time="0.002"/>
  <testcase name="Portal shows" classname="Home Page default Login #3" time="0.001"/>
  <testcase name="User is on Netbanking landing page" classname="Home Page default Login #3" time="0.002"/>
  <testcase name="User signup with following details" classname="Home Page default Login #3" time="0.05"/>
  <testcase name="Home page is populated" classname="Home Page default Login #3" time="0"/>
  <testcase name="Cards displayed are &quot;false&quot;" classname="Home Page default Login #3" time="0.002"/>
  <testcase name="Home Page default Login #3" classname="Home Page default Login #3" time="0.004"/>
  <testcase name="The browser is installed" classname="Home Page default Login #4" time="0.004"/>
  <testcase name="The portal is triggered" classname="Home Page default Login #4" time="0.003"/>
  <testcase name="Portal shows" classname="Home Page default Login #4" time="0.001"/>
  <testcase name="User is on Netbanking landing page" classname="Home Page default Login #4" time="0.002"/>
  <testcase name="User login in to application with user1 and password pass1" classname="Home Page default Login #4" time="0.003"/>
  <testcase name="Home page is populated" classname="Home Page default Login #4" time="0.001"/>
  <testcase name="Cards displayed are &quot;true&quot;" classname="Home Page default Login #4" time="0.002"/>
  <testcase name="Home Page default Login #4" classname="Home Page default Login #4" time="0.003"/>
  <testcase name="The browser is installed" classname="Home Page default Login #5" time="0.002"/>
  <testcase name="The portal is triggered" classname="Home Page default Login #5" time="0.003"/>
  <testcase name="Portal shows" classname="Home Page default Login #5" time="0.001"/>
  <testcase name="User is on Netbanking landing page" classname="Home Page default Login #5" time="0.002"/>
  <testcase name="User login in to application with user2 and password pass2" classname="Home Page default Login #5" time="0.002"/>
  <testcase name="Home page is populated" classname="Home Page default Login #5" time="0.002"/>
  <testcase name="Cards displayed are &quot;true&quot;" classname="Home Page default Login #5" time="0.001"/>
  <testcase name="Home Page default Login #5" classname="Home Page default Login #5" time="0.002"/>
  <testcase name="The browser is installed" classname="Home Page default Login #6" time="0.002"/>
  <testcase name="The portal is triggered" classname="Home Page default Login #6" time="0.003"/>
  <testcase name="Portal shows" classname="Home Page default Login #6" time="0.001"/>
  <testcase name="User is on Netbanking landing page" classname="Home Page default Login #6" time="0"/>
  <testcase name="User login in to application with user3 and password pass3" classname="Home Page default Login #6" time="0.001"/>
  <testcase name="Home page is populated" classname="Home Page default Login #6" time="0.004"/>
  <testcase name="Cards displayed are &quot;true&quot;" classname="Home Page default Login #6" time="0.001"/>
  <testcase name="Home Page default Login #6" classname="Home Page default Login #6" time="0.007"/>
  <testcase name="The browser is installed" classname="Home Page default Login #7" time="0.002"/>
  <testcase name="The portal is triggered" classname="Home Page default Login #7" time="0.003"/>
  <testcase name="Portal shows" classname="Home Page default Login #7" time="0.015"/>
  <testcase name="User is on Netbanking landing page" classname="Home Page default Login #7" time="0.002"/>
  <testcase name="User login in to application with user4 and password pass4" classname="Home Page default Login #7" time="0.009"/>
  <testcase name="Home page is populated" classname="Home Page default Login #7" time="0.003"/>
  <testcase name="Cards displayed are &quot;true&quot;" classname="Home Page default Login #7" time="0.001"/>
  <testcase name="Home Page default Login #7" classname="Home Page default Login #7" time="0.002"/>
  <testcase name="The browser is installed" classname="Home Page default Login #8" time="0.021"/>
  <testcase name="The portal is triggered" classname="Home Page default Login #8" time="0.001"/>
  <testcase name="Portal shows" classname="Home Page default Login #8" time="0.001"/>
  <testcase name="User is on Netbanking landing page" classname="Home Page default Login #8" time="0.001"/>
  <testcase name="User login in to application with user5 and password pass5" classname="Home Page default Login #8" time="0.001"/>
  <testcase name="Home page is populated" classname="Home Page default Login #8" time="0.001"/>
  <testcase name="Cards displayed are &quot;true&quot;" classname="Home Page default Login #8" time="0.003"/>
  <testcase name="Home Page default Login #8" classname="Home Page default Login #8" time="0.004"/>
  <testcase name="The browser is installed" classname="Home Page default Login #9" time="0.001"/>
  <testcase name="The portal is triggered" classname="Home Page default Login #9" time="0"/>
  <testcase name="Portal shows" classname="Home Page default Login #9" time="0.001"/>
  <testcase name="User is on Netbanking landing page" classname="Home Page default Login #9" time="0.001"/>
  <testcase name="User login in to application with user6 and password pass6" classname="Home Page default Login #9" time="0"/>
  <testcase name="Home page is populated" classname="Home Page default Login #9" time="0.004"/>
  <testcase name="Cards displayed are &quot;true&quot;" classname="Home Page default Login #9" time="0.002"/>
  <testcase name="Home Page default Login #9" classname="Home Page default Login #9" time="0.004"/>
</testsuite>